2020-06-29 12:29:53,823 ----------------------------------------------------------------------------------------------------
2020-06-29 12:29:53,824 Model: "SequenceTagger(
  (embeddings): StackedEmbeddings(
    (list_embedding_0): CharacterEmbeddings(
      (char_embedding): Embedding(275, 25)
      (char_rnn): LSTM(25, 25, bidirectional=True)
    )
    (list_embedding_1): WordEmbeddings('eu')
    (list_embedding_2): FlairEmbeddings(
      (lm): LanguageModel(
        (drop): Dropout(p=0.1, inplace=False)
        (encoder): Embedding(4488, 100)
        (rnn): LSTM(100, 2048)
        (decoder): Linear(in_features=2048, out_features=4488, bias=True)
      )
    )
    (list_embedding_3): FlairEmbeddings(
      (lm): LanguageModel(
        (drop): Dropout(p=0.1, inplace=False)
        (encoder): Embedding(4488, 100)
        (rnn): LSTM(100, 2048)
        (decoder): Linear(in_features=2048, out_features=4488, bias=True)
      )
    )
  )
  (word_dropout): WordDropout(p=0.05)
  (locked_dropout): LockedDropout(p=0.5)
  (embedding2nn): Linear(in_features=4446, out_features=4446, bias=True)
  (rnn): LSTM(4446, 256, batch_first=True, bidirectional=True)
  (linear): Linear(in_features=512, out_features=20, bias=True)
  (beta): 1.0
  (weights): None
  (weight_tensor) None
)"
2020-06-29 12:29:53,826 ----------------------------------------------------------------------------------------------------
2020-06-29 12:29:53,829 Corpus: "Corpus: 2297 train + 255 dev + 842 test sentences"
2020-06-29 12:29:53,830 ----------------------------------------------------------------------------------------------------
2020-06-29 12:29:53,832 Parameters:
2020-06-29 12:29:53,834  - learning_rate: "0.1"
2020-06-29 12:29:53,837  - mini_batch_size: "32"
2020-06-29 12:29:53,839  - patience: "3"
2020-06-29 12:29:53,840  - anneal_factor: "0.5"
2020-06-29 12:29:53,841  - max_epochs: "150"
2020-06-29 12:29:53,843  - shuffle: "True"
2020-06-29 12:29:53,843  - train_with_dev: "False"
2020-06-29 12:29:53,844  - batch_growth_annealing: "False"
2020-06-29 12:29:53,845 ----------------------------------------------------------------------------------------------------
2020-06-29 12:29:53,846 Model training base path: "/content/drive/My Drive/Colab Notebooks/Practicas/txt/from_epub"
2020-06-29 12:29:53,847 ----------------------------------------------------------------------------------------------------
2020-06-29 12:29:53,848 Device: cuda:0
2020-06-29 12:29:53,849 ----------------------------------------------------------------------------------------------------
2020-06-29 12:29:53,850 Embeddings storage mode: cpu
2020-06-29 12:29:53,857 ----------------------------------------------------------------------------------------------------
2020-06-29 12:30:00,079 epoch 1 - iter 7/72 - loss 21.71794782 - samples/sec: 36.03
2020-06-29 12:30:06,510 epoch 1 - iter 14/72 - loss 16.72729642 - samples/sec: 39.00
2020-06-29 12:30:13,167 epoch 1 - iter 21/72 - loss 14.19836691 - samples/sec: 37.28
2020-06-29 12:30:20,584 epoch 1 - iter 28/72 - loss 12.50379448 - samples/sec: 33.08
2020-06-29 12:30:27,273 epoch 1 - iter 35/72 - loss 11.49445239 - samples/sec: 37.13
2020-06-29 12:30:33,779 epoch 1 - iter 42/72 - loss 10.51545102 - samples/sec: 38.30
2020-06-29 12:30:40,659 epoch 1 - iter 49/72 - loss 9.73916150 - samples/sec: 36.05
2020-06-29 12:30:47,895 epoch 1 - iter 56/72 - loss 9.11362257 - samples/sec: 34.05
2020-06-29 12:30:54,785 epoch 1 - iter 63/72 - loss 8.62209445 - samples/sec: 35.86
2020-06-29 12:31:01,939 epoch 1 - iter 70/72 - loss 8.23708068 - samples/sec: 34.45
2020-06-29 12:31:04,529 ----------------------------------------------------------------------------------------------------
2020-06-29 12:31:04,531 EPOCH 1 done: loss 8.1402 - lr 0.1000000
2020-06-29 12:31:09,836 DEV : loss 4.68632698059082 - score 0.5315
2020-06-29 12:31:09,863 BAD EPOCHS (no improvement): 0
2020-06-29 12:31:28,305 ----------------------------------------------------------------------------------------------------
2020-06-29 12:31:32,196 epoch 2 - iter 7/72 - loss 4.15944457 - samples/sec: 57.70
2020-06-29 12:31:37,294 epoch 2 - iter 14/72 - loss 4.00232976 - samples/sec: 50.43
2020-06-29 12:31:42,233 epoch 2 - iter 21/72 - loss 3.76187953 - samples/sec: 54.03
2020-06-29 12:31:46,543 epoch 2 - iter 28/72 - loss 3.79046770 - samples/sec: 61.28
2020-06-29 12:31:51,213 epoch 2 - iter 35/72 - loss 3.79621205 - samples/sec: 55.77
2020-06-29 12:31:55,623 epoch 2 - iter 42/72 - loss 3.80827992 - samples/sec: 59.88
2020-06-29 12:31:59,971 epoch 2 - iter 49/72 - loss 3.79628560 - samples/sec: 60.86
2020-06-29 12:32:04,273 epoch 2 - iter 56/72 - loss 3.72841280 - samples/sec: 61.79
2020-06-29 12:32:08,589 epoch 2 - iter 63/72 - loss 3.67247233 - samples/sec: 61.24
2020-06-29 12:32:12,678 epoch 2 - iter 70/72 - loss 3.58596868 - samples/sec: 65.38
2020-06-29 12:32:14,314 ----------------------------------------------------------------------------------------------------
2020-06-29 12:32:14,317 EPOCH 2 done: loss 3.5790 - lr 0.1000000
2020-06-29 12:32:15,985 DEV : loss 3.4355521202087402 - score 0.7052
2020-06-29 12:32:16,012 BAD EPOCHS (no improvement): 0
2020-06-29 12:32:19,818 ----------------------------------------------------------------------------------------------------
2020-06-29 12:32:23,823 epoch 3 - iter 7/72 - loss 2.83578294 - samples/sec: 56.02
2020-06-29 12:32:28,179 epoch 3 - iter 14/72 - loss 2.82268385 - samples/sec: 63.03
2020-06-29 12:32:33,861 epoch 3 - iter 21/72 - loss 3.02865332 - samples/sec: 44.58
2020-06-29 12:32:38,581 epoch 3 - iter 28/72 - loss 3.08425828 - samples/sec: 57.16
2020-06-29 12:32:42,964 epoch 3 - iter 35/72 - loss 3.00459831 - samples/sec: 60.52
2020-06-29 12:32:47,378 epoch 3 - iter 42/72 - loss 2.95753965 - samples/sec: 59.75
2020-06-29 12:32:51,642 epoch 3 - iter 49/72 - loss 2.91365763 - samples/sec: 62.37
2020-06-29 12:32:56,069 epoch 3 - iter 56/72 - loss 2.86328737 - samples/sec: 59.44
2020-06-29 12:33:00,399 epoch 3 - iter 63/72 - loss 2.84547644 - samples/sec: 60.98
2020-06-29 12:33:04,376 epoch 3 - iter 70/72 - loss 2.80390166 - samples/sec: 67.37
2020-06-29 12:33:06,077 ----------------------------------------------------------------------------------------------------
2020-06-29 12:33:06,080 EPOCH 3 done: loss 2.8043 - lr 0.1000000
2020-06-29 12:33:07,673 DEV : loss 2.829629898071289 - score 0.7698
2020-06-29 12:33:07,700 BAD EPOCHS (no improvement): 0
2020-06-29 12:33:11,447 ----------------------------------------------------------------------------------------------------
2020-06-29 12:33:15,321 epoch 4 - iter 7/72 - loss 2.92571453 - samples/sec: 57.87
2020-06-29 12:33:19,877 epoch 4 - iter 14/72 - loss 2.37370771 - samples/sec: 57.56
2020-06-29 12:33:25,380 epoch 4 - iter 21/72 - loss 2.41093905 - samples/sec: 47.63
2020-06-29 12:33:29,855 epoch 4 - iter 28/72 - loss 2.44312328 - samples/sec: 58.83
2020-06-29 12:33:34,077 epoch 4 - iter 35/72 - loss 2.37970093 - samples/sec: 62.82
2020-06-29 12:33:38,374 epoch 4 - iter 42/72 - loss 2.35473223 - samples/sec: 61.46
2020-06-29 12:33:42,563 epoch 4 - iter 49/72 - loss 2.31509644 - samples/sec: 63.16
2020-06-29 12:33:47,228 epoch 4 - iter 56/72 - loss 2.34942092 - samples/sec: 55.96
2020-06-29 12:33:51,470 epoch 4 - iter 63/72 - loss 2.35491842 - samples/sec: 62.35
2020-06-29 12:33:55,835 epoch 4 - iter 70/72 - loss 2.39215776 - samples/sec: 60.20
2020-06-29 12:33:57,434 ----------------------------------------------------------------------------------------------------
2020-06-29 12:33:57,437 EPOCH 4 done: loss 2.3995 - lr 0.1000000
2020-06-29 12:33:59,070 DEV : loss 2.7784852981567383 - score 0.8053
2020-06-29 12:33:59,096 BAD EPOCHS (no improvement): 0
2020-06-29 12:34:02,882 ----------------------------------------------------------------------------------------------------
2020-06-29 12:34:06,927 epoch 5 - iter 7/72 - loss 2.37144097 - samples/sec: 55.45
2020-06-29 12:34:12,017 epoch 5 - iter 14/72 - loss 2.34222418 - samples/sec: 50.75
2020-06-29 12:34:16,704 epoch 5 - iter 21/72 - loss 2.15178247 - samples/sec: 57.51
2020-06-29 12:34:20,990 epoch 5 - iter 28/72 - loss 2.21119897 - samples/sec: 61.62
2020-06-29 12:34:25,426 epoch 5 - iter 35/72 - loss 2.29092874 - samples/sec: 59.18
2020-06-29 12:34:29,794 epoch 5 - iter 42/72 - loss 2.22303774 - samples/sec: 60.34
2020-06-29 12:34:34,340 epoch 5 - iter 49/72 - loss 2.22137523 - samples/sec: 57.66
2020-06-29 12:34:38,682 epoch 5 - iter 56/72 - loss 2.22797206 - samples/sec: 60.93
2020-06-29 12:34:42,799 epoch 5 - iter 63/72 - loss 2.16290538 - samples/sec: 64.85
2020-06-29 12:34:47,067 epoch 5 - iter 70/72 - loss 2.15806788 - samples/sec: 62.09
2020-06-29 12:34:48,679 ----------------------------------------------------------------------------------------------------
2020-06-29 12:34:48,682 EPOCH 5 done: loss 2.1531 - lr 0.1000000
2020-06-29 12:34:50,289 DEV : loss 2.821348190307617 - score 0.7973
2020-06-29 12:34:50,316 BAD EPOCHS (no improvement): 1
2020-06-29 12:34:50,320 ----------------------------------------------------------------------------------------------------
2020-06-29 12:34:54,262 epoch 6 - iter 7/72 - loss 2.29859354 - samples/sec: 56.89
2020-06-29 12:34:58,418 epoch 6 - iter 14/72 - loss 1.97523043 - samples/sec: 64.26
2020-06-29 12:35:02,855 epoch 6 - iter 21/72 - loss 1.99212302 - samples/sec: 59.39
2020-06-29 12:35:07,173 epoch 6 - iter 28/72 - loss 1.93313179 - samples/sec: 61.20
2020-06-29 12:35:11,757 epoch 6 - iter 35/72 - loss 1.92801891 - samples/sec: 57.22
2020-06-29 12:35:15,911 epoch 6 - iter 42/72 - loss 1.86247544 - samples/sec: 64.16
2020-06-29 12:35:20,358 epoch 6 - iter 49/72 - loss 1.87722311 - samples/sec: 58.85
2020-06-29 12:35:24,875 epoch 6 - iter 56/72 - loss 1.88001628 - samples/sec: 59.28
2020-06-29 12:35:29,169 epoch 6 - iter 63/72 - loss 1.87067290 - samples/sec: 62.73
2020-06-29 12:35:33,553 epoch 6 - iter 70/72 - loss 1.88706857 - samples/sec: 60.41
2020-06-29 12:35:35,144 ----------------------------------------------------------------------------------------------------
2020-06-29 12:35:35,147 EPOCH 6 done: loss 1.9124 - lr 0.1000000
2020-06-29 12:35:36,756 DEV : loss 2.495086193084717 - score 0.7995
2020-06-29 12:35:36,781 BAD EPOCHS (no improvement): 2
2020-06-29 12:35:36,785 ----------------------------------------------------------------------------------------------------
2020-06-29 12:35:40,621 epoch 7 - iter 7/72 - loss 1.82470533 - samples/sec: 58.43
2020-06-29 12:35:45,056 epoch 7 - iter 14/72 - loss 2.18135491 - samples/sec: 59.15
2020-06-29 12:35:49,380 epoch 7 - iter 21/72 - loss 2.01277193 - samples/sec: 61.26
2020-06-29 12:35:53,652 epoch 7 - iter 28/72 - loss 1.93043908 - samples/sec: 62.08
2020-06-29 12:35:57,901 epoch 7 - iter 35/72 - loss 1.86568248 - samples/sec: 62.03
2020-06-29 12:36:02,103 epoch 7 - iter 42/72 - loss 1.81318153 - samples/sec: 63.01
2020-06-29 12:36:06,546 epoch 7 - iter 49/72 - loss 1.82550048 - samples/sec: 59.03
2020-06-29 12:36:10,877 epoch 7 - iter 56/72 - loss 1.75783967 - samples/sec: 61.02
2020-06-29 12:36:15,460 epoch 7 - iter 63/72 - loss 1.77369019 - samples/sec: 57.01
2020-06-29 12:36:19,593 epoch 7 - iter 70/72 - loss 1.74392037 - samples/sec: 64.57
2020-06-29 12:36:21,173 ----------------------------------------------------------------------------------------------------
2020-06-29 12:36:21,174 EPOCH 7 done: loss 1.7321 - lr 0.1000000
2020-06-29 12:36:22,802 DEV : loss 2.703886032104492 - score 0.8053
2020-06-29 12:36:22,828 BAD EPOCHS (no improvement): 3
2020-06-29 12:36:22,832 ----------------------------------------------------------------------------------------------------
2020-06-29 12:36:26,475 epoch 8 - iter 7/72 - loss 1.92565322 - samples/sec: 61.53
2020-06-29 12:36:30,899 epoch 8 - iter 14/72 - loss 1.64567138 - samples/sec: 59.74
2020-06-29 12:36:35,272 epoch 8 - iter 21/72 - loss 1.66087969 - samples/sec: 60.51
2020-06-29 12:36:39,843 epoch 8 - iter 28/72 - loss 1.72337913 - samples/sec: 57.27
2020-06-29 12:36:44,125 epoch 8 - iter 35/72 - loss 1.64701841 - samples/sec: 62.10
2020-06-29 12:36:48,407 epoch 8 - iter 42/72 - loss 1.58977302 - samples/sec: 61.90
2020-06-29 12:36:52,698 epoch 8 - iter 49/72 - loss 1.54666702 - samples/sec: 61.59
2020-06-29 12:36:57,118 epoch 8 - iter 56/72 - loss 1.54533734 - samples/sec: 59.44
2020-06-29 12:37:01,602 epoch 8 - iter 63/72 - loss 1.60070142 - samples/sec: 58.31
2020-06-29 12:37:05,922 epoch 8 - iter 70/72 - loss 1.56060351 - samples/sec: 61.31
2020-06-29 12:37:07,458 ----------------------------------------------------------------------------------------------------
2020-06-29 12:37:07,459 EPOCH 8 done: loss 1.5495 - lr 0.1000000
2020-06-29 12:37:09,048 DEV : loss 2.5834782123565674 - score 0.7892
2020-06-29 12:37:09,079 BAD EPOCHS (no improvement): 4
2020-06-29 12:37:09,089 ----------------------------------------------------------------------------------------------------
2020-06-29 12:37:12,775 epoch 9 - iter 7/72 - loss 1.34828091 - samples/sec: 60.81
2020-06-29 12:37:17,045 epoch 9 - iter 14/72 - loss 1.43139814 - samples/sec: 61.91
2020-06-29 12:37:21,470 epoch 9 - iter 21/72 - loss 1.40341074 - samples/sec: 59.46
2020-06-29 12:37:25,921 epoch 9 - iter 28/72 - loss 1.37327648 - samples/sec: 58.96
2020-06-29 12:37:30,346 epoch 9 - iter 35/72 - loss 1.37886493 - samples/sec: 61.08
2020-06-29 12:37:35,142 epoch 9 - iter 42/72 - loss 1.41524061 - samples/sec: 55.84
2020-06-29 12:37:39,253 epoch 9 - iter 49/72 - loss 1.36005201 - samples/sec: 66.23
2020-06-29 12:37:44,084 epoch 9 - iter 56/72 - loss 1.39513968 - samples/sec: 53.64
2020-06-29 12:37:48,342 epoch 9 - iter 63/72 - loss 1.39050309 - samples/sec: 62.10
2020-06-29 12:37:52,501 epoch 9 - iter 70/72 - loss 1.38256760 - samples/sec: 64.33
2020-06-29 12:37:54,202 ----------------------------------------------------------------------------------------------------
2020-06-29 12:37:54,206 EPOCH 9 done: loss 1.3821 - lr 0.0500000
2020-06-29 12:37:55,829 DEV : loss 2.4469313621520996 - score 0.85
2020-06-29 12:37:55,855 BAD EPOCHS (no improvement): 0
2020-06-29 12:37:59,595 ----------------------------------------------------------------------------------------------------
2020-06-29 12:38:03,667 epoch 10 - iter 7/72 - loss 1.46667235 - samples/sec: 55.09
2020-06-29 12:38:08,877 epoch 10 - iter 14/72 - loss 1.29725198 - samples/sec: 49.56
2020-06-29 12:38:13,701 epoch 10 - iter 21/72 - loss 1.42477775 - samples/sec: 55.79
2020-06-29 12:38:18,165 epoch 10 - iter 28/72 - loss 1.37443774 - samples/sec: 58.79
2020-06-29 12:38:22,607 epoch 10 - iter 35/72 - loss 1.38185303 - samples/sec: 59.42
2020-06-29 12:38:26,867 epoch 10 - iter 42/72 - loss 1.38280322 - samples/sec: 61.98
2020-06-29 12:38:31,187 epoch 10 - iter 49/72 - loss 1.38090332 - samples/sec: 61.26
2020-06-29 12:38:35,571 epoch 10 - iter 56/72 - loss 1.35401479 - samples/sec: 60.22
2020-06-29 12:38:39,686 epoch 10 - iter 63/72 - loss 1.36114979 - samples/sec: 64.67
2020-06-29 12:38:43,765 epoch 10 - iter 70/72 - loss 1.35000502 - samples/sec: 65.76
2020-06-29 12:38:45,378 ----------------------------------------------------------------------------------------------------
2020-06-29 12:38:45,380 EPOCH 10 done: loss 1.3585 - lr 0.0500000
2020-06-29 12:38:47,016 DEV : loss 2.50266695022583 - score 0.8357
2020-06-29 12:38:47,047 BAD EPOCHS (no improvement): 1
2020-06-29 12:38:47,050 ----------------------------------------------------------------------------------------------------
2020-06-29 12:38:50,856 epoch 11 - iter 7/72 - loss 1.13595515 - samples/sec: 58.90
2020-06-29 12:38:55,037 epoch 11 - iter 14/72 - loss 1.21242436 - samples/sec: 63.78
2020-06-29 12:38:59,411 epoch 11 - iter 21/72 - loss 1.32310566 - samples/sec: 60.56
2020-06-29 12:39:03,643 epoch 11 - iter 28/72 - loss 1.37010681 - samples/sec: 62.47
2020-06-29 12:39:07,923 epoch 11 - iter 35/72 - loss 1.28214144 - samples/sec: 61.77
2020-06-29 12:39:12,242 epoch 11 - iter 42/72 - loss 1.29446854 - samples/sec: 61.41
2020-06-29 12:39:16,553 epoch 11 - iter 49/72 - loss 1.28694247 - samples/sec: 61.39
2020-06-29 12:39:20,860 epoch 11 - iter 56/72 - loss 1.24821824 - samples/sec: 61.58
2020-06-29 12:39:25,606 epoch 11 - iter 63/72 - loss 1.23474727 - samples/sec: 55.02
2020-06-29 12:39:29,978 epoch 11 - iter 70/72 - loss 1.22645497 - samples/sec: 60.67
2020-06-29 12:39:31,684 ----------------------------------------------------------------------------------------------------
2020-06-29 12:39:31,685 EPOCH 11 done: loss 1.2274 - lr 0.0500000
2020-06-29 12:39:33,298 DEV : loss 2.5280511379241943 - score 0.8322
2020-06-29 12:39:33,325 BAD EPOCHS (no improvement): 2
2020-06-29 12:39:33,329 ----------------------------------------------------------------------------------------------------
2020-06-29 12:39:36,949 epoch 12 - iter 7/72 - loss 0.81454178 - samples/sec: 61.91
2020-06-29 12:39:41,459 epoch 12 - iter 14/72 - loss 1.10806369 - samples/sec: 58.37
2020-06-29 12:39:45,907 epoch 12 - iter 21/72 - loss 1.13582263 - samples/sec: 59.23
2020-06-29 12:39:50,429 epoch 12 - iter 28/72 - loss 1.14990745 - samples/sec: 58.14
2020-06-29 12:39:54,634 epoch 12 - iter 35/72 - loss 1.17842733 - samples/sec: 62.95
2020-06-29 12:39:58,876 epoch 12 - iter 42/72 - loss 1.14006610 - samples/sec: 62.51
2020-06-29 12:40:03,240 epoch 12 - iter 49/72 - loss 1.17101521 - samples/sec: 60.62
2020-06-29 12:40:07,540 epoch 12 - iter 56/72 - loss 1.15114969 - samples/sec: 61.67
2020-06-29 12:40:11,865 epoch 12 - iter 63/72 - loss 1.13995070 - samples/sec: 61.47
2020-06-29 12:40:16,169 epoch 12 - iter 70/72 - loss 1.13819953 - samples/sec: 61.61
2020-06-29 12:40:17,690 ----------------------------------------------------------------------------------------------------
2020-06-29 12:40:17,693 EPOCH 12 done: loss 1.1338 - lr 0.0500000
2020-06-29 12:40:19,309 DEV : loss 2.5935707092285156 - score 0.837
2020-06-29 12:40:19,336 BAD EPOCHS (no improvement): 3
2020-06-29 12:40:19,340 ----------------------------------------------------------------------------------------------------
2020-06-29 12:40:22,969 epoch 13 - iter 7/72 - loss 1.08408671 - samples/sec: 61.77
2020-06-29 12:40:27,458 epoch 13 - iter 14/72 - loss 1.12100424 - samples/sec: 58.32
2020-06-29 12:40:31,850 epoch 13 - iter 21/72 - loss 1.10771999 - samples/sec: 60.74
2020-06-29 12:40:36,189 epoch 13 - iter 28/72 - loss 1.12667038 - samples/sec: 61.01
2020-06-29 12:40:40,660 epoch 13 - iter 35/72 - loss 1.10241328 - samples/sec: 58.62
2020-06-29 12:40:45,206 epoch 13 - iter 42/72 - loss 1.15055270 - samples/sec: 57.80
2020-06-29 12:40:49,543 epoch 13 - iter 49/72 - loss 1.17033640 - samples/sec: 61.32
2020-06-29 12:40:53,662 epoch 13 - iter 56/72 - loss 1.13741654 - samples/sec: 64.57
2020-06-29 12:40:57,941 epoch 13 - iter 63/72 - loss 1.14308353 - samples/sec: 61.95
2020-06-29 12:41:02,525 epoch 13 - iter 70/72 - loss 1.17380245 - samples/sec: 57.26
2020-06-29 12:41:04,088 ----------------------------------------------------------------------------------------------------
2020-06-29 12:41:04,091 EPOCH 13 done: loss 1.1691 - lr 0.0500000
2020-06-29 12:41:05,719 DEV : loss 2.547421455383301 - score 0.827
2020-06-29 12:41:05,748 BAD EPOCHS (no improvement): 4
2020-06-29 12:41:05,751 ----------------------------------------------------------------------------------------------------
2020-06-29 12:41:09,478 epoch 14 - iter 7/72 - loss 0.87227563 - samples/sec: 60.14
2020-06-29 12:41:13,922 epoch 14 - iter 14/72 - loss 0.97085630 - samples/sec: 59.26
2020-06-29 12:41:18,464 epoch 14 - iter 21/72 - loss 1.12369417 - samples/sec: 57.55
2020-06-29 12:41:22,820 epoch 14 - iter 28/72 - loss 1.11057027 - samples/sec: 60.65
2020-06-29 12:41:27,267 epoch 14 - iter 35/72 - loss 1.12737132 - samples/sec: 59.27
2020-06-29 12:41:31,678 epoch 14 - iter 42/72 - loss 1.09721019 - samples/sec: 59.51
2020-06-29 12:41:35,812 epoch 14 - iter 49/72 - loss 1.09216472 - samples/sec: 64.64
2020-06-29 12:41:40,102 epoch 14 - iter 56/72 - loss 1.08024928 - samples/sec: 61.68
2020-06-29 12:41:44,558 epoch 14 - iter 63/72 - loss 1.07300239 - samples/sec: 59.04
2020-06-29 12:41:48,823 epoch 14 - iter 70/72 - loss 1.09728684 - samples/sec: 62.33
2020-06-29 12:41:50,415 ----------------------------------------------------------------------------------------------------
2020-06-29 12:41:50,418 EPOCH 14 done: loss 1.0941 - lr 0.0250000
2020-06-29 12:41:52,342 DEV : loss 2.5281083583831787 - score 0.8399
2020-06-29 12:41:52,371 BAD EPOCHS (no improvement): 1
2020-06-29 12:41:52,375 ----------------------------------------------------------------------------------------------------
2020-06-29 12:41:56,056 epoch 15 - iter 7/72 - loss 1.13457510 - samples/sec: 60.89
2020-06-29 12:42:00,474 epoch 15 - iter 14/72 - loss 1.11890617 - samples/sec: 59.69
2020-06-29 12:42:04,893 epoch 15 - iter 21/72 - loss 1.05457446 - samples/sec: 60.18
2020-06-29 12:42:09,291 epoch 15 - iter 28/72 - loss 1.03666888 - samples/sec: 60.18
2020-06-29 12:42:13,870 epoch 15 - iter 35/72 - loss 1.02729717 - samples/sec: 57.18
2020-06-29 12:42:18,019 epoch 15 - iter 42/72 - loss 1.05622664 - samples/sec: 64.17
2020-06-29 12:42:22,401 epoch 15 - iter 49/72 - loss 1.04992901 - samples/sec: 60.18
2020-06-29 12:42:26,769 epoch 15 - iter 56/72 - loss 1.05253496 - samples/sec: 60.30
2020-06-29 12:42:31,169 epoch 15 - iter 63/72 - loss 1.02228735 - samples/sec: 60.17
2020-06-29 12:42:35,367 epoch 15 - iter 70/72 - loss 1.02502968 - samples/sec: 63.35
2020-06-29 12:42:37,110 ----------------------------------------------------------------------------------------------------
2020-06-29 12:42:37,112 EPOCH 15 done: loss 1.0261 - lr 0.0250000
2020-06-29 12:42:38,791 DEV : loss 2.5045671463012695 - score 0.853
2020-06-29 12:42:38,817 BAD EPOCHS (no improvement): 0
2020-06-29 12:42:42,546 ----------------------------------------------------------------------------------------------------
2020-06-29 12:42:46,522 epoch 16 - iter 7/72 - loss 1.21399619 - samples/sec: 56.42
2020-06-29 12:42:51,199 epoch 16 - iter 14/72 - loss 1.32202015 - samples/sec: 55.70
2020-06-29 12:42:56,536 epoch 16 - iter 21/72 - loss 1.21955383 - samples/sec: 50.16
2020-06-29 12:43:01,029 epoch 16 - iter 28/72 - loss 1.13091125 - samples/sec: 59.84
2020-06-29 12:43:05,246 epoch 16 - iter 35/72 - loss 1.07441651 - samples/sec: 62.96
2020-06-29 12:43:09,424 epoch 16 - iter 42/72 - loss 1.05945331 - samples/sec: 63.75
2020-06-29 12:43:13,580 epoch 16 - iter 49/72 - loss 1.04920482 - samples/sec: 64.35
2020-06-29 12:43:18,184 epoch 16 - iter 56/72 - loss 1.02403762 - samples/sec: 57.06
2020-06-29 12:43:22,601 epoch 16 - iter 63/72 - loss 1.02063067 - samples/sec: 59.67
2020-06-29 12:43:27,059 epoch 16 - iter 70/72 - loss 1.01635594 - samples/sec: 59.16
2020-06-29 12:43:28,683 ----------------------------------------------------------------------------------------------------
2020-06-29 12:43:28,685 EPOCH 16 done: loss 1.0252 - lr 0.0250000
2020-06-29 12:43:30,306 DEV : loss 2.5268917083740234 - score 0.8523
2020-06-29 12:43:30,332 BAD EPOCHS (no improvement): 1
2020-06-29 12:43:30,336 ----------------------------------------------------------------------------------------------------
2020-06-29 12:43:33,965 epoch 17 - iter 7/72 - loss 0.78476766 - samples/sec: 61.78
2020-06-29 12:43:38,396 epoch 17 - iter 14/72 - loss 0.93737201 - samples/sec: 59.43
2020-06-29 12:43:42,842 epoch 17 - iter 21/72 - loss 0.93205416 - samples/sec: 59.13
2020-06-29 12:43:47,153 epoch 17 - iter 28/72 - loss 0.91224818 - samples/sec: 61.12
2020-06-29 12:43:51,579 epoch 17 - iter 35/72 - loss 0.95006080 - samples/sec: 59.35
2020-06-29 12:43:55,974 epoch 17 - iter 42/72 - loss 0.96080235 - samples/sec: 60.14
2020-06-29 12:44:00,306 epoch 17 - iter 49/72 - loss 1.00327460 - samples/sec: 61.32
2020-06-29 12:44:04,921 epoch 17 - iter 56/72 - loss 1.00203658 - samples/sec: 56.76
2020-06-29 12:44:09,176 epoch 17 - iter 63/72 - loss 1.00425331 - samples/sec: 62.47
2020-06-29 12:44:13,496 epoch 17 - iter 70/72 - loss 0.99942340 - samples/sec: 61.16
2020-06-29 12:44:15,114 ----------------------------------------------------------------------------------------------------
2020-06-29 12:44:15,115 EPOCH 17 done: loss 0.9871 - lr 0.0250000
2020-06-29 12:44:16,749 DEV : loss 2.5593209266662598 - score 0.8545
2020-06-29 12:44:16,776 BAD EPOCHS (no improvement): 0
2020-06-29 12:44:20,491 ----------------------------------------------------------------------------------------------------
2020-06-29 12:44:24,345 epoch 18 - iter 7/72 - loss 0.99841626 - samples/sec: 58.21
2020-06-29 12:44:29,555 epoch 18 - iter 14/72 - loss 0.94267991 - samples/sec: 49.29
2020-06-29 12:44:34,504 epoch 18 - iter 21/72 - loss 0.94280203 - samples/sec: 54.07
2020-06-29 12:44:38,689 epoch 18 - iter 28/72 - loss 0.93776389 - samples/sec: 63.65
2020-06-29 12:44:42,887 epoch 18 - iter 35/72 - loss 0.91036300 - samples/sec: 63.33
2020-06-29 12:44:47,239 epoch 18 - iter 42/72 - loss 0.95219869 - samples/sec: 60.84
2020-06-29 12:44:51,554 epoch 18 - iter 49/72 - loss 0.96015160 - samples/sec: 61.20
2020-06-29 12:44:55,771 epoch 18 - iter 56/72 - loss 0.96956422 - samples/sec: 62.94
2020-06-29 12:45:00,472 epoch 18 - iter 63/72 - loss 1.00700073 - samples/sec: 55.52
2020-06-29 12:45:05,100 epoch 18 - iter 70/72 - loss 1.00107079 - samples/sec: 56.49
2020-06-29 12:45:06,703 ----------------------------------------------------------------------------------------------------
2020-06-29 12:45:06,707 EPOCH 18 done: loss 0.9915 - lr 0.0250000
2020-06-29 12:45:08,335 DEV : loss 2.5285630226135254 - score 0.8463
2020-06-29 12:45:08,362 BAD EPOCHS (no improvement): 1
2020-06-29 12:45:08,366 ----------------------------------------------------------------------------------------------------
2020-06-29 12:45:12,069 epoch 19 - iter 7/72 - loss 1.06475007 - samples/sec: 60.52
2020-06-29 12:45:16,619 epoch 19 - iter 14/72 - loss 1.00476679 - samples/sec: 57.81
2020-06-29 12:45:20,866 epoch 19 - iter 21/72 - loss 0.93373811 - samples/sec: 62.50
2020-06-29 12:45:25,135 epoch 19 - iter 28/72 - loss 0.94569300 - samples/sec: 62.02
2020-06-29 12:45:29,441 epoch 19 - iter 35/72 - loss 0.91787901 - samples/sec: 61.71
2020-06-29 12:45:33,818 epoch 19 - iter 42/72 - loss 0.93300020 - samples/sec: 60.08
2020-06-29 12:45:38,432 epoch 19 - iter 49/72 - loss 0.97410625 - samples/sec: 57.55
2020-06-29 12:45:42,937 epoch 19 - iter 56/72 - loss 0.98755510 - samples/sec: 58.05
2020-06-29 12:45:47,272 epoch 19 - iter 63/72 - loss 1.00012852 - samples/sec: 60.89
2020-06-29 12:45:51,378 epoch 19 - iter 70/72 - loss 0.97890037 - samples/sec: 65.23
2020-06-29 12:45:52,984 ----------------------------------------------------------------------------------------------------
2020-06-29 12:45:52,985 EPOCH 19 done: loss 0.9682 - lr 0.0250000
2020-06-29 12:45:54,601 DEV : loss 2.5335521697998047 - score 0.8443
2020-06-29 12:45:54,630 BAD EPOCHS (no improvement): 2
2020-06-29 12:45:54,634 ----------------------------------------------------------------------------------------------------
2020-06-29 12:45:58,306 epoch 20 - iter 7/72 - loss 0.96531036 - samples/sec: 61.06
2020-06-29 12:46:02,474 epoch 20 - iter 14/72 - loss 0.94319975 - samples/sec: 63.89
2020-06-29 12:46:07,106 epoch 20 - iter 21/72 - loss 0.95272230 - samples/sec: 56.72
2020-06-29 12:46:11,746 epoch 20 - iter 28/72 - loss 0.94833757 - samples/sec: 56.32
2020-06-29 12:46:16,165 epoch 20 - iter 35/72 - loss 0.93799763 - samples/sec: 59.78
2020-06-29 12:46:20,365 epoch 20 - iter 42/72 - loss 0.93948142 - samples/sec: 62.92
2020-06-29 12:46:24,980 epoch 20 - iter 49/72 - loss 0.95640852 - samples/sec: 56.77
2020-06-29 12:46:29,381 epoch 20 - iter 56/72 - loss 0.95028047 - samples/sec: 59.85
2020-06-29 12:46:33,888 epoch 20 - iter 63/72 - loss 0.93639704 - samples/sec: 58.06
2020-06-29 12:46:38,130 epoch 20 - iter 70/72 - loss 0.91689958 - samples/sec: 62.94
2020-06-29 12:46:39,628 ----------------------------------------------------------------------------------------------------
2020-06-29 12:46:39,632 EPOCH 20 done: loss 0.9106 - lr 0.0250000
2020-06-29 12:46:41,258 DEV : loss 2.511167049407959 - score 0.8449
2020-06-29 12:46:41,285 BAD EPOCHS (no improvement): 3
2020-06-29 12:46:41,288 ----------------------------------------------------------------------------------------------------
2020-06-29 12:46:44,957 epoch 21 - iter 7/72 - loss 0.84704244 - samples/sec: 61.09
2020-06-29 12:46:49,376 epoch 21 - iter 14/72 - loss 0.85621168 - samples/sec: 59.71
2020-06-29 12:46:53,763 epoch 21 - iter 21/72 - loss 0.87137448 - samples/sec: 59.98
2020-06-29 12:46:58,356 epoch 21 - iter 28/72 - loss 0.91077629 - samples/sec: 57.14
2020-06-29 12:47:02,647 epoch 21 - iter 35/72 - loss 0.91440141 - samples/sec: 61.68
2020-06-29 12:47:07,038 epoch 21 - iter 42/72 - loss 0.88488255 - samples/sec: 60.09
2020-06-29 12:47:11,384 epoch 21 - iter 49/72 - loss 0.89065419 - samples/sec: 60.63
2020-06-29 12:47:15,676 epoch 21 - iter 56/72 - loss 0.87536750 - samples/sec: 61.88
2020-06-29 12:47:19,911 epoch 21 - iter 63/72 - loss 0.85950621 - samples/sec: 62.79
2020-06-29 12:47:24,221 epoch 21 - iter 70/72 - loss 0.87222002 - samples/sec: 61.34
2020-06-29 12:47:25,990 ----------------------------------------------------------------------------------------------------
2020-06-29 12:47:25,992 EPOCH 21 done: loss 0.8672 - lr 0.0250000
2020-06-29 12:47:27,570 DEV : loss 2.5595896244049072 - score 0.8424
2020-06-29 12:47:27,598 BAD EPOCHS (no improvement): 4
2020-06-29 12:47:27,602 ----------------------------------------------------------------------------------------------------
2020-06-29 12:47:31,634 epoch 22 - iter 7/72 - loss 0.83878601 - samples/sec: 55.58
2020-06-29 12:47:36,107 epoch 22 - iter 14/72 - loss 0.89891482 - samples/sec: 58.96
2020-06-29 12:47:40,410 epoch 22 - iter 21/72 - loss 0.90947584 - samples/sec: 61.37
2020-06-29 12:47:44,861 epoch 22 - iter 28/72 - loss 0.90309342 - samples/sec: 59.29
2020-06-29 12:47:49,283 epoch 22 - iter 35/72 - loss 0.85885182 - samples/sec: 59.41
2020-06-29 12:47:53,595 epoch 22 - iter 42/72 - loss 0.86328413 - samples/sec: 63.32
2020-06-29 12:47:58,071 epoch 22 - iter 49/72 - loss 0.87432598 - samples/sec: 60.41
2020-06-29 12:48:02,526 epoch 22 - iter 56/72 - loss 0.89244354 - samples/sec: 58.92
2020-06-29 12:48:06,681 epoch 22 - iter 63/72 - loss 0.88265805 - samples/sec: 64.24
2020-06-29 12:48:10,965 epoch 22 - iter 70/72 - loss 0.90561236 - samples/sec: 62.02
2020-06-29 12:48:12,576 ----------------------------------------------------------------------------------------------------
2020-06-29 12:48:12,580 EPOCH 22 done: loss 0.9073 - lr 0.0125000
2020-06-29 12:48:14,198 DEV : loss 2.5148863792419434 - score 0.8479
2020-06-29 12:48:14,230 BAD EPOCHS (no improvement): 1
2020-06-29 12:48:14,235 ----------------------------------------------------------------------------------------------------
2020-06-29 12:48:18,053 epoch 23 - iter 7/72 - loss 0.93674279 - samples/sec: 58.70
2020-06-29 12:48:22,296 epoch 23 - iter 14/72 - loss 0.85550171 - samples/sec: 62.76
2020-06-29 12:48:26,703 epoch 23 - iter 21/72 - loss 0.85332118 - samples/sec: 59.71
2020-06-29 12:48:31,115 epoch 23 - iter 28/72 - loss 0.88557155 - samples/sec: 59.62
2020-06-29 12:48:35,392 epoch 23 - iter 35/72 - loss 0.86878663 - samples/sec: 62.24
2020-06-29 12:48:39,687 epoch 23 - iter 42/72 - loss 0.85856648 - samples/sec: 61.72
2020-06-29 12:48:43,956 epoch 23 - iter 49/72 - loss 0.88547233 - samples/sec: 62.03
2020-06-29 12:48:48,457 epoch 23 - iter 56/72 - loss 0.88449635 - samples/sec: 58.34
2020-06-29 12:48:52,710 epoch 23 - iter 63/72 - loss 0.88022003 - samples/sec: 62.47
2020-06-29 12:48:57,210 epoch 23 - iter 70/72 - loss 0.87749632 - samples/sec: 58.64
2020-06-29 12:48:58,972 ----------------------------------------------------------------------------------------------------
2020-06-29 12:48:58,974 EPOCH 23 done: loss 0.8767 - lr 0.0125000
2020-06-29 12:49:00,536 DEV : loss 2.566535234451294 - score 0.8398
2020-06-29 12:49:00,562 BAD EPOCHS (no improvement): 2
2020-06-29 12:49:00,566 ----------------------------------------------------------------------------------------------------
2020-06-29 12:49:04,552 epoch 24 - iter 7/72 - loss 0.82346086 - samples/sec: 56.21
2020-06-29 12:49:08,956 epoch 24 - iter 14/72 - loss 0.79592053 - samples/sec: 59.75
2020-06-29 12:49:13,184 epoch 24 - iter 21/72 - loss 0.83087993 - samples/sec: 62.85
2020-06-29 12:49:17,348 epoch 24 - iter 28/72 - loss 0.77289420 - samples/sec: 63.82
2020-06-29 12:49:21,837 epoch 24 - iter 35/72 - loss 0.76440540 - samples/sec: 58.45
2020-06-29 12:49:26,297 epoch 24 - iter 42/72 - loss 0.78211611 - samples/sec: 58.84
2020-06-29 12:49:30,538 epoch 24 - iter 49/72 - loss 0.82439422 - samples/sec: 62.59
2020-06-29 12:49:34,552 epoch 24 - iter 56/72 - loss 0.84824253 - samples/sec: 66.68
2020-06-29 12:49:38,988 epoch 24 - iter 63/72 - loss 0.83667285 - samples/sec: 59.40
2020-06-29 12:49:43,171 epoch 24 - iter 70/72 - loss 0.82423475 - samples/sec: 63.56
2020-06-29 12:49:44,882 ----------------------------------------------------------------------------------------------------
2020-06-29 12:49:44,885 EPOCH 24 done: loss 0.8261 - lr 0.0125000
2020-06-29 12:49:46,499 DEV : loss 2.6024060249328613 - score 0.8439
2020-06-29 12:49:46,525 BAD EPOCHS (no improvement): 3
2020-06-29 12:49:46,529 ----------------------------------------------------------------------------------------------------
2020-06-29 12:49:50,110 epoch 25 - iter 7/72 - loss 0.75880987 - samples/sec: 62.61
2020-06-29 12:49:54,365 epoch 25 - iter 14/72 - loss 0.69695136 - samples/sec: 62.16
2020-06-29 12:49:58,864 epoch 25 - iter 21/72 - loss 0.72792071 - samples/sec: 58.14
2020-06-29 12:50:03,225 epoch 25 - iter 28/72 - loss 0.74636810 - samples/sec: 60.38
2020-06-29 12:50:07,749 epoch 25 - iter 35/72 - loss 0.75999459 - samples/sec: 58.19
2020-06-29 12:50:12,210 epoch 25 - iter 42/72 - loss 0.78496382 - samples/sec: 59.07
2020-06-29 12:50:16,746 epoch 25 - iter 49/72 - loss 0.79695728 - samples/sec: 57.94
2020-06-29 12:50:20,919 epoch 25 - iter 56/72 - loss 0.81661926 - samples/sec: 63.49
2020-06-29 12:50:25,369 epoch 25 - iter 63/72 - loss 0.81736153 - samples/sec: 59.06
2020-06-29 12:50:29,665 epoch 25 - iter 70/72 - loss 0.81702747 - samples/sec: 61.69
2020-06-29 12:50:31,229 ----------------------------------------------------------------------------------------------------
2020-06-29 12:50:31,233 EPOCH 25 done: loss 0.8093 - lr 0.0125000
2020-06-29 12:50:33,183 DEV : loss 2.581638813018799 - score 0.837
2020-06-29 12:50:33,211 BAD EPOCHS (no improvement): 4
2020-06-29 12:50:33,215 ----------------------------------------------------------------------------------------------------
2020-06-29 12:50:37,115 epoch 26 - iter 7/72 - loss 0.75346587 - samples/sec: 57.48
2020-06-29 12:50:41,665 epoch 26 - iter 14/72 - loss 0.71099074 - samples/sec: 58.08
2020-06-29 12:50:46,133 epoch 26 - iter 21/72 - loss 0.76603087 - samples/sec: 58.86
2020-06-29 12:50:50,540 epoch 26 - iter 28/72 - loss 0.87684247 - samples/sec: 60.09
2020-06-29 12:50:54,569 epoch 26 - iter 35/72 - loss 0.83040204 - samples/sec: 66.76
2020-06-29 12:50:58,911 epoch 26 - iter 42/72 - loss 0.81540375 - samples/sec: 60.75
2020-06-29 12:51:03,345 epoch 26 - iter 49/72 - loss 0.83280132 - samples/sec: 59.66
2020-06-29 12:51:07,793 epoch 26 - iter 56/72 - loss 0.81357863 - samples/sec: 59.27
2020-06-29 12:51:12,034 epoch 26 - iter 63/72 - loss 0.81886425 - samples/sec: 62.21
2020-06-29 12:51:16,379 epoch 26 - iter 70/72 - loss 0.79576133 - samples/sec: 60.91
2020-06-29 12:51:18,033 ----------------------------------------------------------------------------------------------------
2020-06-29 12:51:18,038 EPOCH 26 done: loss 0.7928 - lr 0.0062500
2020-06-29 12:51:19,663 DEV : loss 2.564332962036133 - score 0.8464
2020-06-29 12:51:19,694 BAD EPOCHS (no improvement): 1
2020-06-29 12:51:19,699 ----------------------------------------------------------------------------------------------------
2020-06-29 12:51:23,529 epoch 27 - iter 7/72 - loss 0.73377108 - samples/sec: 58.53
2020-06-29 12:51:27,874 epoch 27 - iter 14/72 - loss 0.81928714 - samples/sec: 61.11
2020-06-29 12:51:32,157 epoch 27 - iter 21/72 - loss 0.81953284 - samples/sec: 61.86
2020-06-29 12:51:36,550 epoch 27 - iter 28/72 - loss 0.81333445 - samples/sec: 60.05
2020-06-29 12:51:40,803 epoch 27 - iter 35/72 - loss 0.82329162 - samples/sec: 62.27
2020-06-29 12:51:45,352 epoch 27 - iter 42/72 - loss 0.81016259 - samples/sec: 57.78
2020-06-29 12:51:49,419 epoch 27 - iter 49/72 - loss 0.81526914 - samples/sec: 65.72
2020-06-29 12:51:53,769 epoch 27 - iter 56/72 - loss 0.82346804 - samples/sec: 60.63
2020-06-29 12:51:58,432 epoch 27 - iter 63/72 - loss 0.83519031 - samples/sec: 56.02
2020-06-29 12:52:02,694 epoch 27 - iter 70/72 - loss 0.82487402 - samples/sec: 62.32
2020-06-29 12:52:04,314 ----------------------------------------------------------------------------------------------------
2020-06-29 12:52:04,317 EPOCH 27 done: loss 0.8400 - lr 0.0062500
2020-06-29 12:52:05,956 DEV : loss 2.5782737731933594 - score 0.8438
2020-06-29 12:52:05,984 BAD EPOCHS (no improvement): 2
2020-06-29 12:52:05,987 ----------------------------------------------------------------------------------------------------
2020-06-29 12:52:09,565 epoch 28 - iter 7/72 - loss 0.98626931 - samples/sec: 62.66
2020-06-29 12:52:13,911 epoch 28 - iter 14/72 - loss 0.91703082 - samples/sec: 60.82
2020-06-29 12:52:18,457 epoch 28 - iter 21/72 - loss 0.88314095 - samples/sec: 57.87
2020-06-29 12:52:22,805 epoch 28 - iter 28/72 - loss 0.87215996 - samples/sec: 60.83
2020-06-29 12:52:27,083 epoch 28 - iter 35/72 - loss 0.89824987 - samples/sec: 61.83
2020-06-29 12:52:31,376 epoch 28 - iter 42/72 - loss 0.85668095 - samples/sec: 61.79
2020-06-29 12:52:35,871 epoch 28 - iter 49/72 - loss 0.83424769 - samples/sec: 58.21
2020-06-29 12:52:40,289 epoch 28 - iter 56/72 - loss 0.82687564 - samples/sec: 59.82
2020-06-29 12:52:44,465 epoch 28 - iter 63/72 - loss 0.83533101 - samples/sec: 63.69
2020-06-29 12:52:48,902 epoch 28 - iter 70/72 - loss 0.81052993 - samples/sec: 59.59
2020-06-29 12:52:50,519 ----------------------------------------------------------------------------------------------------
2020-06-29 12:52:50,520 EPOCH 28 done: loss 0.8131 - lr 0.0062500
2020-06-29 12:52:52,142 DEV : loss 2.5915064811706543 - score 0.8468
2020-06-29 12:52:52,171 BAD EPOCHS (no improvement): 3
2020-06-29 12:52:52,175 ----------------------------------------------------------------------------------------------------
2020-06-29 12:52:55,742 epoch 29 - iter 7/72 - loss 0.64667503 - samples/sec: 62.87
2020-06-29 12:53:00,163 epoch 29 - iter 14/72 - loss 0.65640139 - samples/sec: 59.72
2020-06-29 12:53:04,743 epoch 29 - iter 21/72 - loss 0.65379313 - samples/sec: 58.87
2020-06-29 12:53:09,135 epoch 29 - iter 28/72 - loss 0.68761652 - samples/sec: 61.83
2020-06-29 12:53:13,632 epoch 29 - iter 35/72 - loss 0.73094285 - samples/sec: 58.27
2020-06-29 12:53:17,828 epoch 29 - iter 42/72 - loss 0.71761798 - samples/sec: 63.50
2020-06-29 12:53:22,084 epoch 29 - iter 49/72 - loss 0.72172003 - samples/sec: 62.42
2020-06-29 12:53:26,768 epoch 29 - iter 56/72 - loss 0.73845029 - samples/sec: 55.48
2020-06-29 12:53:31,318 epoch 29 - iter 63/72 - loss 0.75423132 - samples/sec: 57.76
2020-06-29 12:53:35,740 epoch 29 - iter 70/72 - loss 0.76427835 - samples/sec: 59.67
2020-06-29 12:53:37,242 ----------------------------------------------------------------------------------------------------
2020-06-29 12:53:37,245 EPOCH 29 done: loss 0.7666 - lr 0.0062500
2020-06-29 12:53:38,888 DEV : loss 2.5952205657958984 - score 0.8557
2020-06-29 12:53:38,914 BAD EPOCHS (no improvement): 0
2020-06-29 12:53:42,759 ----------------------------------------------------------------------------------------------------
2020-06-29 12:53:46,631 epoch 30 - iter 7/72 - loss 0.77322836 - samples/sec: 57.94
2020-06-29 12:53:50,797 epoch 30 - iter 14/72 - loss 0.69797543 - samples/sec: 64.33
2020-06-29 12:53:55,955 epoch 30 - iter 21/72 - loss 0.71833479 - samples/sec: 50.03
2020-06-29 12:54:00,664 epoch 30 - iter 28/72 - loss 0.76544390 - samples/sec: 57.13
2020-06-29 12:54:04,929 epoch 30 - iter 35/72 - loss 0.79099520 - samples/sec: 62.31
2020-06-29 12:54:09,204 epoch 30 - iter 42/72 - loss 0.79889067 - samples/sec: 62.24
2020-06-29 12:54:13,746 epoch 30 - iter 49/72 - loss 0.79692783 - samples/sec: 58.10
2020-06-29 12:54:18,080 epoch 30 - iter 56/72 - loss 0.79809581 - samples/sec: 60.97
2020-06-29 12:54:22,442 epoch 30 - iter 63/72 - loss 0.81185609 - samples/sec: 60.65
2020-06-29 12:54:27,133 epoch 30 - iter 70/72 - loss 0.80896833 - samples/sec: 55.82
2020-06-29 12:54:28,660 ----------------------------------------------------------------------------------------------------
2020-06-29 12:54:28,663 EPOCH 30 done: loss 0.8100 - lr 0.0062500
2020-06-29 12:54:30,282 DEV : loss 2.5918612480163574 - score 0.8418
2020-06-29 12:54:30,310 BAD EPOCHS (no improvement): 1
2020-06-29 12:54:30,313 ----------------------------------------------------------------------------------------------------
2020-06-29 12:54:34,099 epoch 31 - iter 7/72 - loss 0.68518981 - samples/sec: 59.22
2020-06-29 12:54:38,476 epoch 31 - iter 14/72 - loss 0.65820095 - samples/sec: 59.95
2020-06-29 12:54:42,692 epoch 31 - iter 21/72 - loss 0.68360389 - samples/sec: 63.23
2020-06-29 12:54:47,420 epoch 31 - iter 28/72 - loss 0.72712337 - samples/sec: 55.07
2020-06-29 12:54:51,937 epoch 31 - iter 35/72 - loss 0.78529970 - samples/sec: 58.19
2020-06-29 12:54:56,385 epoch 31 - iter 42/72 - loss 0.77839065 - samples/sec: 59.28
2020-06-29 12:55:00,967 epoch 31 - iter 49/72 - loss 0.77169144 - samples/sec: 57.08
2020-06-29 12:55:05,373 epoch 31 - iter 56/72 - loss 0.77379858 - samples/sec: 59.91
2020-06-29 12:55:09,700 epoch 31 - iter 63/72 - loss 0.79254297 - samples/sec: 60.95
2020-06-29 12:55:13,954 epoch 31 - iter 70/72 - loss 0.79015873 - samples/sec: 62.22
2020-06-29 12:55:15,536 ----------------------------------------------------------------------------------------------------
2020-06-29 12:55:15,539 EPOCH 31 done: loss 0.7830 - lr 0.0062500
2020-06-29 12:55:17,186 DEV : loss 2.5921287536621094 - score 0.8422
2020-06-29 12:55:17,214 BAD EPOCHS (no improvement): 2
2020-06-29 12:55:17,218 ----------------------------------------------------------------------------------------------------
2020-06-29 12:55:21,046 epoch 32 - iter 7/72 - loss 0.85342991 - samples/sec: 58.57
2020-06-29 12:55:25,323 epoch 32 - iter 14/72 - loss 0.88400248 - samples/sec: 62.23
2020-06-29 12:55:29,662 epoch 32 - iter 21/72 - loss 0.82955440 - samples/sec: 61.27
2020-06-29 12:55:34,227 epoch 32 - iter 28/72 - loss 0.80944526 - samples/sec: 57.73
2020-06-29 12:55:38,513 epoch 32 - iter 35/72 - loss 0.80196261 - samples/sec: 61.84
2020-06-29 12:55:42,905 epoch 32 - iter 42/72 - loss 0.78737850 - samples/sec: 60.23
2020-06-29 12:55:47,610 epoch 32 - iter 49/72 - loss 0.77487947 - samples/sec: 56.10
2020-06-29 12:55:51,785 epoch 32 - iter 56/72 - loss 0.76614104 - samples/sec: 63.80
2020-06-29 12:55:56,172 epoch 32 - iter 63/72 - loss 0.77007934 - samples/sec: 60.05
2020-06-29 12:56:00,662 epoch 32 - iter 70/72 - loss 0.77044039 - samples/sec: 58.79
2020-06-29 12:56:02,302 ----------------------------------------------------------------------------------------------------
2020-06-29 12:56:02,304 EPOCH 32 done: loss 0.7711 - lr 0.0062500
2020-06-29 12:56:03,912 DEV : loss 2.591407299041748 - score 0.8433
2020-06-29 12:56:03,939 BAD EPOCHS (no improvement): 3
2020-06-29 12:56:03,942 ----------------------------------------------------------------------------------------------------
2020-06-29 12:56:07,842 epoch 33 - iter 7/72 - loss 0.69050567 - samples/sec: 57.47
2020-06-29 12:56:12,116 epoch 33 - iter 14/72 - loss 0.76343593 - samples/sec: 62.20
2020-06-29 12:56:16,568 epoch 33 - iter 21/72 - loss 0.77320148 - samples/sec: 58.94
2020-06-29 12:56:20,892 epoch 33 - iter 28/72 - loss 0.79687415 - samples/sec: 61.33
2020-06-29 12:56:25,227 epoch 33 - iter 35/72 - loss 0.78505574 - samples/sec: 61.01
2020-06-29 12:56:29,523 epoch 33 - iter 42/72 - loss 0.78775747 - samples/sec: 61.30
2020-06-29 12:56:34,156 epoch 33 - iter 49/72 - loss 0.79056506 - samples/sec: 56.72
2020-06-29 12:56:38,377 epoch 33 - iter 56/72 - loss 0.78204125 - samples/sec: 63.06
2020-06-29 12:56:42,681 epoch 33 - iter 63/72 - loss 0.77828080 - samples/sec: 61.34
2020-06-29 12:56:47,164 epoch 33 - iter 70/72 - loss 0.76528446 - samples/sec: 58.68
2020-06-29 12:56:48,713 ----------------------------------------------------------------------------------------------------
2020-06-29 12:56:48,714 EPOCH 33 done: loss 0.7698 - lr 0.0062500
2020-06-29 12:56:50,366 DEV : loss 2.5730066299438477 - score 0.8501
2020-06-29 12:56:50,399 BAD EPOCHS (no improvement): 4
2020-06-29 12:56:50,403 ----------------------------------------------------------------------------------------------------
2020-06-29 12:56:54,112 epoch 34 - iter 7/72 - loss 0.79623263 - samples/sec: 60.42
2020-06-29 12:56:58,632 epoch 34 - iter 14/72 - loss 0.74760342 - samples/sec: 58.21
2020-06-29 12:57:02,999 epoch 34 - iter 21/72 - loss 0.73091167 - samples/sec: 60.43
2020-06-29 12:57:07,205 epoch 34 - iter 28/72 - loss 0.75321364 - samples/sec: 63.07
2020-06-29 12:57:11,727 epoch 34 - iter 35/72 - loss 0.77727057 - samples/sec: 57.96
2020-06-29 12:57:15,954 epoch 34 - iter 42/72 - loss 0.76835222 - samples/sec: 62.88
2020-06-29 12:57:20,510 epoch 34 - iter 49/72 - loss 0.77107235 - samples/sec: 57.43
2020-06-29 12:57:25,036 epoch 34 - iter 56/72 - loss 0.76929388 - samples/sec: 58.15
2020-06-29 12:57:29,599 epoch 34 - iter 63/72 - loss 0.78525073 - samples/sec: 57.36
2020-06-29 12:57:33,768 epoch 34 - iter 70/72 - loss 0.76506138 - samples/sec: 64.03
2020-06-29 12:57:35,327 ----------------------------------------------------------------------------------------------------
2020-06-29 12:57:35,328 EPOCH 34 done: loss 0.7612 - lr 0.0031250
2020-06-29 12:57:36,994 DEV : loss 2.59147047996521 - score 0.8464
2020-06-29 12:57:37,020 BAD EPOCHS (no improvement): 1
2020-06-29 12:57:37,024 ----------------------------------------------------------------------------------------------------
2020-06-29 12:57:40,815 epoch 35 - iter 7/72 - loss 0.78913084 - samples/sec: 59.14
2020-06-29 12:57:45,048 epoch 35 - iter 14/72 - loss 0.73719346 - samples/sec: 63.06
2020-06-29 12:57:49,452 epoch 35 - iter 21/72 - loss 0.74183166 - samples/sec: 60.25
2020-06-29 12:57:53,789 epoch 35 - iter 28/72 - loss 0.79971256 - samples/sec: 60.93
2020-06-29 12:57:58,555 epoch 35 - iter 35/72 - loss 0.81322025 - samples/sec: 54.47
2020-06-29 12:58:02,880 epoch 35 - iter 42/72 - loss 0.78487982 - samples/sec: 61.54
2020-06-29 12:58:07,385 epoch 35 - iter 49/72 - loss 0.79877380 - samples/sec: 58.45
2020-06-29 12:58:11,728 epoch 35 - iter 56/72 - loss 0.78329203 - samples/sec: 61.18
2020-06-29 12:58:16,306 epoch 35 - iter 63/72 - loss 0.77210878 - samples/sec: 59.61
2020-06-29 12:58:20,928 epoch 35 - iter 70/72 - loss 0.77950154 - samples/sec: 58.10
2020-06-29 12:58:22,492 ----------------------------------------------------------------------------------------------------
2020-06-29 12:58:22,495 EPOCH 35 done: loss 0.7788 - lr 0.0031250
2020-06-29 12:58:24,114 DEV : loss 2.615351676940918 - score 0.849
2020-06-29 12:58:24,147 BAD EPOCHS (no improvement): 2
2020-06-29 12:58:24,152 ----------------------------------------------------------------------------------------------------
2020-06-29 12:58:27,769 epoch 36 - iter 7/72 - loss 0.66609409 - samples/sec: 61.99
2020-06-29 12:58:32,399 epoch 36 - iter 14/72 - loss 0.76320834 - samples/sec: 56.59
2020-06-29 12:58:36,729 epoch 36 - iter 21/72 - loss 0.75403192 - samples/sec: 61.25
2020-06-29 12:58:41,189 epoch 36 - iter 28/72 - loss 0.70778665 - samples/sec: 58.96
2020-06-29 12:58:45,495 epoch 36 - iter 35/72 - loss 0.72589202 - samples/sec: 61.55
2020-06-29 12:58:50,324 epoch 36 - iter 42/72 - loss 0.77396817 - samples/sec: 53.82
2020-06-29 12:58:54,676 epoch 36 - iter 49/72 - loss 0.75735940 - samples/sec: 60.77
2020-06-29 12:58:59,171 epoch 36 - iter 56/72 - loss 0.76831551 - samples/sec: 58.41
2020-06-29 12:59:03,476 epoch 36 - iter 63/72 - loss 0.77586076 - samples/sec: 61.29
2020-06-29 12:59:07,853 epoch 36 - iter 70/72 - loss 0.79632083 - samples/sec: 60.65
2020-06-29 12:59:09,512 ----------------------------------------------------------------------------------------------------
2020-06-29 12:59:09,516 EPOCH 36 done: loss 0.7884 - lr 0.0031250
2020-06-29 12:59:11,185 DEV : loss 2.606623649597168 - score 0.846
2020-06-29 12:59:11,212 BAD EPOCHS (no improvement): 3
2020-06-29 12:59:11,215 ----------------------------------------------------------------------------------------------------
2020-06-29 12:59:14,900 epoch 37 - iter 7/72 - loss 0.71631163 - samples/sec: 60.83
2020-06-29 12:59:19,323 epoch 37 - iter 14/72 - loss 0.72572893 - samples/sec: 60.00
2020-06-29 12:59:23,704 epoch 37 - iter 21/72 - loss 0.77718313 - samples/sec: 60.32
2020-06-29 12:59:28,055 epoch 37 - iter 28/72 - loss 0.77584375 - samples/sec: 60.60
2020-06-29 12:59:32,630 epoch 37 - iter 35/72 - loss 0.75597760 - samples/sec: 57.46
2020-06-29 12:59:37,145 epoch 37 - iter 42/72 - loss 0.76488574 - samples/sec: 58.40
2020-06-29 12:59:41,432 epoch 37 - iter 49/72 - loss 0.73634422 - samples/sec: 61.76
2020-06-29 12:59:45,794 epoch 37 - iter 56/72 - loss 0.73402820 - samples/sec: 60.70
2020-06-29 12:59:50,090 epoch 37 - iter 63/72 - loss 0.72888682 - samples/sec: 61.89
2020-06-29 12:59:54,707 epoch 37 - iter 70/72 - loss 0.72826216 - samples/sec: 56.57
2020-06-29 12:59:56,241 ----------------------------------------------------------------------------------------------------
2020-06-29 12:59:56,242 EPOCH 37 done: loss 0.7194 - lr 0.0031250
2020-06-29 12:59:57,882 DEV : loss 2.603592872619629 - score 0.8433
2020-06-29 12:59:57,909 BAD EPOCHS (no improvement): 4
2020-06-29 12:59:57,914 ----------------------------------------------------------------------------------------------------
2020-06-29 13:00:01,908 epoch 38 - iter 7/72 - loss 0.69169270 - samples/sec: 56.11
2020-06-29 13:00:06,558 epoch 38 - iter 14/72 - loss 0.77438563 - samples/sec: 56.15
2020-06-29 13:00:10,629 epoch 38 - iter 21/72 - loss 0.71717292 - samples/sec: 66.16
2020-06-29 13:00:15,065 epoch 38 - iter 28/72 - loss 0.70009320 - samples/sec: 59.52
2020-06-29 13:00:19,529 epoch 38 - iter 35/72 - loss 0.75998582 - samples/sec: 58.87
2020-06-29 13:00:23,916 epoch 38 - iter 42/72 - loss 0.77896194 - samples/sec: 60.28
2020-06-29 13:00:28,360 epoch 38 - iter 49/72 - loss 0.77484069 - samples/sec: 59.07
2020-06-29 13:00:32,718 epoch 38 - iter 56/72 - loss 0.75679741 - samples/sec: 60.61
2020-06-29 13:00:37,113 epoch 38 - iter 63/72 - loss 0.76639658 - samples/sec: 60.15
2020-06-29 13:00:41,356 epoch 38 - iter 70/72 - loss 0.75923023 - samples/sec: 62.55
2020-06-29 13:00:42,951 ----------------------------------------------------------------------------------------------------
2020-06-29 13:00:42,954 EPOCH 38 done: loss 0.7550 - lr 0.0015625
2020-06-29 13:00:44,610 DEV : loss 2.6090636253356934 - score 0.8407
2020-06-29 13:00:44,637 BAD EPOCHS (no improvement): 1
2020-06-29 13:00:44,641 ----------------------------------------------------------------------------------------------------
2020-06-29 13:00:48,544 epoch 39 - iter 7/72 - loss 0.68442512 - samples/sec: 57.42
2020-06-29 13:00:53,170 epoch 39 - iter 14/72 - loss 0.73094491 - samples/sec: 57.51
2020-06-29 13:00:57,523 epoch 39 - iter 21/72 - loss 0.72692041 - samples/sec: 61.14
2020-06-29 13:01:01,779 epoch 39 - iter 28/72 - loss 0.72778084 - samples/sec: 62.13
2020-06-29 13:01:06,057 epoch 39 - iter 35/72 - loss 0.75937876 - samples/sec: 62.08
2020-06-29 13:01:10,372 epoch 39 - iter 42/72 - loss 0.77753710 - samples/sec: 61.69
2020-06-29 13:01:14,724 epoch 39 - iter 49/72 - loss 0.78012150 - samples/sec: 60.69
2020-06-29 13:01:19,351 epoch 39 - iter 56/72 - loss 0.78627667 - samples/sec: 56.43
2020-06-29 13:01:23,706 epoch 39 - iter 63/72 - loss 0.75956851 - samples/sec: 60.68
2020-06-29 13:01:28,310 epoch 39 - iter 70/72 - loss 0.75414992 - samples/sec: 56.75
2020-06-29 13:01:29,926 ----------------------------------------------------------------------------------------------------
2020-06-29 13:01:29,929 EPOCH 39 done: loss 0.7479 - lr 0.0015625
2020-06-29 13:01:31,580 DEV : loss 2.616342067718506 - score 0.8433
2020-06-29 13:01:31,607 BAD EPOCHS (no improvement): 2
2020-06-29 13:01:31,611 ----------------------------------------------------------------------------------------------------
2020-06-29 13:01:35,330 epoch 40 - iter 7/72 - loss 0.76147028 - samples/sec: 60.26
2020-06-29 13:01:39,694 epoch 40 - iter 14/72 - loss 0.79717482 - samples/sec: 60.21
2020-06-29 13:01:44,050 epoch 40 - iter 21/72 - loss 0.81789347 - samples/sec: 60.97
2020-06-29 13:01:48,283 epoch 40 - iter 28/72 - loss 0.77558995 - samples/sec: 62.80
2020-06-29 13:01:52,722 epoch 40 - iter 35/72 - loss 0.79095270 - samples/sec: 59.40
2020-06-29 13:01:57,273 epoch 40 - iter 42/72 - loss 0.79925646 - samples/sec: 57.55
2020-06-29 13:02:01,737 epoch 40 - iter 49/72 - loss 0.78123753 - samples/sec: 58.92
2020-06-29 13:02:06,410 epoch 40 - iter 56/72 - loss 0.75512691 - samples/sec: 56.15
2020-06-29 13:02:11,148 epoch 40 - iter 63/72 - loss 0.74979530 - samples/sec: 55.36
2020-06-29 13:02:15,305 epoch 40 - iter 70/72 - loss 0.73980635 - samples/sec: 64.54
2020-06-29 13:02:16,986 ----------------------------------------------------------------------------------------------------
2020-06-29 13:02:16,987 EPOCH 40 done: loss 0.7397 - lr 0.0015625
2020-06-29 13:02:18,601 DEV : loss 2.614659547805786 - score 0.8449
2020-06-29 13:02:18,632 BAD EPOCHS (no improvement): 3
2020-06-29 13:02:18,636 ----------------------------------------------------------------------------------------------------
2020-06-29 13:02:22,626 epoch 41 - iter 7/72 - loss 0.80883686 - samples/sec: 56.17
2020-06-29 13:02:26,954 epoch 41 - iter 14/72 - loss 0.77008565 - samples/sec: 61.27
2020-06-29 13:02:31,130 epoch 41 - iter 21/72 - loss 0.75051296 - samples/sec: 64.37
2020-06-29 13:02:35,490 epoch 41 - iter 28/72 - loss 0.73666757 - samples/sec: 60.84
2020-06-29 13:02:39,759 epoch 41 - iter 35/72 - loss 0.71378972 - samples/sec: 62.08
2020-06-29 13:02:44,256 epoch 41 - iter 42/72 - loss 0.72783659 - samples/sec: 58.15
2020-06-29 13:02:48,850 epoch 41 - iter 49/72 - loss 0.72519051 - samples/sec: 57.13
2020-06-29 13:02:53,434 epoch 41 - iter 56/72 - loss 0.71739600 - samples/sec: 56.99
2020-06-29 13:02:57,762 epoch 41 - iter 63/72 - loss 0.71802716 - samples/sec: 61.22
2020-06-29 13:03:02,173 epoch 41 - iter 70/72 - loss 0.72671098 - samples/sec: 59.85
2020-06-29 13:03:03,695 ----------------------------------------------------------------------------------------------------
2020-06-29 13:03:03,699 EPOCH 41 done: loss 0.7260 - lr 0.0015625
2020-06-29 13:03:05,736 DEV : loss 2.62241792678833 - score 0.8449
2020-06-29 13:03:05,763 BAD EPOCHS (no improvement): 4
2020-06-29 13:03:05,767 ----------------------------------------------------------------------------------------------------
2020-06-29 13:03:09,472 epoch 42 - iter 7/72 - loss 0.80756343 - samples/sec: 60.51
2020-06-29 13:03:14,314 epoch 42 - iter 14/72 - loss 0.83236351 - samples/sec: 53.74
2020-06-29 13:03:18,643 epoch 42 - iter 21/72 - loss 0.79250065 - samples/sec: 61.19
2020-06-29 13:03:23,038 epoch 42 - iter 28/72 - loss 0.79960004 - samples/sec: 60.25
2020-06-29 13:03:28,005 epoch 42 - iter 35/72 - loss 0.76634541 - samples/sec: 53.20
2020-06-29 13:03:32,506 epoch 42 - iter 42/72 - loss 0.78336548 - samples/sec: 60.49
2020-06-29 13:03:36,886 epoch 42 - iter 49/72 - loss 0.76010847 - samples/sec: 60.60
2020-06-29 13:03:41,216 epoch 42 - iter 56/72 - loss 0.75343811 - samples/sec: 61.30
2020-06-29 13:03:45,601 epoch 42 - iter 63/72 - loss 0.74384690 - samples/sec: 60.42
2020-06-29 13:03:49,974 epoch 42 - iter 70/72 - loss 0.74326672 - samples/sec: 60.64
2020-06-29 13:03:51,658 ----------------------------------------------------------------------------------------------------
2020-06-29 13:03:51,660 EPOCH 42 done: loss 0.7485 - lr 0.0007813
2020-06-29 13:03:53,289 DEV : loss 2.619250774383545 - score 0.8433
2020-06-29 13:03:53,316 BAD EPOCHS (no improvement): 1
2020-06-29 13:03:53,321 ----------------------------------------------------------------------------------------------------
2020-06-29 13:03:57,031 epoch 43 - iter 7/72 - loss 0.70191134 - samples/sec: 60.41
2020-06-29 13:04:01,742 epoch 43 - iter 14/72 - loss 0.73056339 - samples/sec: 55.48
2020-06-29 13:04:05,982 epoch 43 - iter 21/72 - loss 0.70326285 - samples/sec: 62.90
2020-06-29 13:04:10,348 epoch 43 - iter 28/72 - loss 0.71031033 - samples/sec: 60.73
2020-06-29 13:04:14,859 epoch 43 - iter 35/72 - loss 0.69438771 - samples/sec: 58.14
2020-06-29 13:04:19,354 epoch 43 - iter 42/72 - loss 0.67720577 - samples/sec: 58.46
2020-06-29 13:04:23,642 epoch 43 - iter 49/72 - loss 0.67528484 - samples/sec: 62.11
2020-06-29 13:04:27,994 epoch 43 - iter 56/72 - loss 0.67135530 - samples/sec: 60.59
2020-06-29 13:04:32,574 epoch 43 - iter 63/72 - loss 0.67461692 - samples/sec: 57.28
2020-06-29 13:04:36,920 epoch 43 - iter 70/72 - loss 0.71821109 - samples/sec: 61.10
2020-06-29 13:04:38,501 ----------------------------------------------------------------------------------------------------
2020-06-29 13:04:38,503 EPOCH 43 done: loss 0.7137 - lr 0.0007813
2020-06-29 13:04:40,163 DEV : loss 2.6239490509033203 - score 0.8433
2020-06-29 13:04:40,191 BAD EPOCHS (no improvement): 2
2020-06-29 13:04:40,194 ----------------------------------------------------------------------------------------------------
2020-06-29 13:04:44,135 epoch 44 - iter 7/72 - loss 0.84972019 - samples/sec: 56.87
2020-06-29 13:04:48,501 epoch 44 - iter 14/72 - loss 0.82669204 - samples/sec: 60.30
2020-06-29 13:04:52,962 epoch 44 - iter 21/72 - loss 0.80384216 - samples/sec: 59.49
2020-06-29 13:04:57,622 epoch 44 - iter 28/72 - loss 0.78329433 - samples/sec: 56.31
2020-06-29 13:05:01,766 epoch 44 - iter 35/72 - loss 0.77964857 - samples/sec: 64.36
2020-06-29 13:05:06,161 epoch 44 - iter 42/72 - loss 0.76088264 - samples/sec: 60.60
2020-06-29 13:05:10,885 epoch 44 - iter 49/72 - loss 0.76357560 - samples/sec: 55.14
2020-06-29 13:05:14,985 epoch 44 - iter 56/72 - loss 0.74804645 - samples/sec: 65.91
2020-06-29 13:05:19,541 epoch 44 - iter 63/72 - loss 0.74315702 - samples/sec: 57.79
2020-06-29 13:05:23,676 epoch 44 - iter 70/72 - loss 0.72713418 - samples/sec: 64.80
2020-06-29 13:05:25,335 ----------------------------------------------------------------------------------------------------
2020-06-29 13:05:25,337 EPOCH 44 done: loss 0.7258 - lr 0.0007813
2020-06-29 13:05:26,947 DEV : loss 2.6257240772247314 - score 0.8433
2020-06-29 13:05:26,975 BAD EPOCHS (no improvement): 3
2020-06-29 13:05:26,979 ----------------------------------------------------------------------------------------------------
2020-06-29 13:05:30,830 epoch 45 - iter 7/72 - loss 0.77030046 - samples/sec: 58.20
2020-06-29 13:05:35,201 epoch 45 - iter 14/72 - loss 0.80938917 - samples/sec: 60.34
2020-06-29 13:05:39,607 epoch 45 - iter 21/72 - loss 0.81966412 - samples/sec: 59.74
2020-06-29 13:05:43,948 epoch 45 - iter 28/72 - loss 0.80528962 - samples/sec: 60.96
2020-06-29 13:05:48,445 epoch 45 - iter 35/72 - loss 0.79359711 - samples/sec: 58.43
2020-06-29 13:05:53,096 epoch 45 - iter 42/72 - loss 0.80144148 - samples/sec: 56.15
2020-06-29 13:05:57,563 epoch 45 - iter 49/72 - loss 0.78502509 - samples/sec: 59.64
2020-06-29 13:06:01,996 epoch 45 - iter 56/72 - loss 0.76884701 - samples/sec: 59.71
2020-06-29 13:06:06,280 epoch 45 - iter 63/72 - loss 0.76625281 - samples/sec: 61.98
2020-06-29 13:06:10,699 epoch 45 - iter 70/72 - loss 0.74027681 - samples/sec: 59.84
2020-06-29 13:06:12,371 ----------------------------------------------------------------------------------------------------
2020-06-29 13:06:12,372 EPOCH 45 done: loss 0.7308 - lr 0.0007813
2020-06-29 13:06:14,067 DEV : loss 2.6191158294677734 - score 0.8444
2020-06-29 13:06:14,105 BAD EPOCHS (no improvement): 4
2020-06-29 13:06:14,111 ----------------------------------------------------------------------------------------------------
2020-06-29 13:06:17,941 epoch 46 - iter 7/72 - loss 0.66999238 - samples/sec: 58.52
2020-06-29 13:06:22,345 epoch 46 - iter 14/72 - loss 0.74231619 - samples/sec: 59.83
2020-06-29 13:06:26,543 epoch 46 - iter 21/72 - loss 0.72031835 - samples/sec: 63.71
2020-06-29 13:06:30,951 epoch 46 - iter 28/72 - loss 0.74646077 - samples/sec: 60.05
2020-06-29 13:06:35,346 epoch 46 - iter 35/72 - loss 0.73960484 - samples/sec: 60.17
2020-06-29 13:06:39,966 epoch 46 - iter 42/72 - loss 0.76366882 - samples/sec: 56.48
2020-06-29 13:06:44,301 epoch 46 - iter 49/72 - loss 0.75305973 - samples/sec: 61.16
2020-06-29 13:06:48,596 epoch 46 - iter 56/72 - loss 0.78254328 - samples/sec: 61.63
2020-06-29 13:06:52,935 epoch 46 - iter 63/72 - loss 0.75325330 - samples/sec: 60.82
2020-06-29 13:06:57,442 epoch 46 - iter 70/72 - loss 0.76298538 - samples/sec: 58.63
2020-06-29 13:06:59,238 ----------------------------------------------------------------------------------------------------
2020-06-29 13:06:59,240 EPOCH 46 done: loss 0.7647 - lr 0.0003906
2020-06-29 13:07:00,835 DEV : loss 2.6201508045196533 - score 0.8444
2020-06-29 13:07:00,863 BAD EPOCHS (no improvement): 1
2020-06-29 13:07:00,866 ----------------------------------------------------------------------------------------------------
2020-06-29 13:07:04,402 epoch 47 - iter 7/72 - loss 0.70903151 - samples/sec: 63.38
2020-06-29 13:07:08,990 epoch 47 - iter 14/72 - loss 0.88888818 - samples/sec: 57.27
2020-06-29 13:07:13,043 epoch 47 - iter 21/72 - loss 0.77243963 - samples/sec: 66.25
2020-06-29 13:07:17,313 epoch 47 - iter 28/72 - loss 0.76408193 - samples/sec: 61.94
2020-06-29 13:07:21,795 epoch 47 - iter 35/72 - loss 0.76536167 - samples/sec: 58.78
2020-06-29 13:07:26,647 epoch 47 - iter 42/72 - loss 0.75638551 - samples/sec: 53.41
2020-06-29 13:07:30,985 epoch 47 - iter 49/72 - loss 0.74157398 - samples/sec: 61.04
2020-06-29 13:07:35,549 epoch 47 - iter 56/72 - loss 0.72954397 - samples/sec: 57.57
2020-06-29 13:07:40,060 epoch 47 - iter 63/72 - loss 0.72012264 - samples/sec: 58.25
2020-06-29 13:07:44,502 epoch 47 - iter 70/72 - loss 0.72522199 - samples/sec: 59.35
2020-06-29 13:07:46,177 ----------------------------------------------------------------------------------------------------
2020-06-29 13:07:46,180 EPOCH 47 done: loss 0.7293 - lr 0.0003906
2020-06-29 13:07:47,795 DEV : loss 2.6204774379730225 - score 0.846
2020-06-29 13:07:47,821 BAD EPOCHS (no improvement): 2
2020-06-29 13:07:47,825 ----------------------------------------------------------------------------------------------------
2020-06-29 13:07:51,404 epoch 48 - iter 7/72 - loss 0.70316577 - samples/sec: 62.64
2020-06-29 13:07:55,852 epoch 48 - iter 14/72 - loss 0.76025966 - samples/sec: 59.24
2020-06-29 13:08:00,133 epoch 48 - iter 21/72 - loss 0.75154106 - samples/sec: 61.82
2020-06-29 13:08:04,803 epoch 48 - iter 28/72 - loss 0.75973071 - samples/sec: 55.87
2020-06-29 13:08:08,936 epoch 48 - iter 35/72 - loss 0.69539147 - samples/sec: 64.64
2020-06-29 13:08:13,452 epoch 48 - iter 42/72 - loss 0.72746813 - samples/sec: 58.30
2020-06-29 13:08:18,013 epoch 48 - iter 49/72 - loss 0.72899884 - samples/sec: 57.48
2020-06-29 13:08:22,292 epoch 48 - iter 56/72 - loss 0.73197440 - samples/sec: 61.97
2020-06-29 13:08:26,631 epoch 48 - iter 63/72 - loss 0.73933721 - samples/sec: 61.02
2020-06-29 13:08:31,141 epoch 48 - iter 70/72 - loss 0.74244969 - samples/sec: 57.98
2020-06-29 13:08:33,051 ----------------------------------------------------------------------------------------------------
2020-06-29 13:08:33,054 EPOCH 48 done: loss 0.7420 - lr 0.0003906
2020-06-29 13:08:34,718 DEV : loss 2.619636058807373 - score 0.8444
2020-06-29 13:08:34,751 BAD EPOCHS (no improvement): 3
2020-06-29 13:08:34,755 ----------------------------------------------------------------------------------------------------
2020-06-29 13:08:38,679 epoch 49 - iter 7/72 - loss 0.63315094 - samples/sec: 57.14
2020-06-29 13:08:43,035 epoch 49 - iter 14/72 - loss 0.63472490 - samples/sec: 62.41
2020-06-29 13:08:47,481 epoch 49 - iter 21/72 - loss 0.69050755 - samples/sec: 58.95
2020-06-29 13:08:52,164 epoch 49 - iter 28/72 - loss 0.73807023 - samples/sec: 55.99
2020-06-29 13:08:56,538 epoch 49 - iter 35/72 - loss 0.71195686 - samples/sec: 60.63
2020-06-29 13:09:01,178 epoch 49 - iter 42/72 - loss 0.73957383 - samples/sec: 56.51
2020-06-29 13:09:05,426 epoch 49 - iter 49/72 - loss 0.73900138 - samples/sec: 62.39
2020-06-29 13:09:10,056 epoch 49 - iter 56/72 - loss 0.74740273 - samples/sec: 56.29
2020-06-29 13:09:14,441 epoch 49 - iter 63/72 - loss 0.72543812 - samples/sec: 60.47
2020-06-29 13:09:18,777 epoch 49 - iter 70/72 - loss 0.72149413 - samples/sec: 61.03
2020-06-29 13:09:20,382 ----------------------------------------------------------------------------------------------------
2020-06-29 13:09:20,383 EPOCH 49 done: loss 0.7258 - lr 0.0003906
2020-06-29 13:09:22,024 DEV : loss 2.619854688644409 - score 0.846
2020-06-29 13:09:22,050 BAD EPOCHS (no improvement): 4
2020-06-29 13:09:22,055 ----------------------------------------------------------------------------------------------------
2020-06-29 13:09:25,774 epoch 50 - iter 7/72 - loss 0.77134806 - samples/sec: 60.25
2020-06-29 13:09:30,205 epoch 50 - iter 14/72 - loss 0.87204859 - samples/sec: 59.37
2020-06-29 13:09:34,833 epoch 50 - iter 21/72 - loss 0.86020199 - samples/sec: 56.44
2020-06-29 13:09:39,034 epoch 50 - iter 28/72 - loss 0.80211546 - samples/sec: 63.29
2020-06-29 13:09:43,319 epoch 50 - iter 35/72 - loss 0.78493308 - samples/sec: 61.70
2020-06-29 13:09:47,709 epoch 50 - iter 42/72 - loss 0.79423211 - samples/sec: 60.18
2020-06-29 13:09:52,090 epoch 50 - iter 49/72 - loss 0.78248528 - samples/sec: 60.56
2020-06-29 13:09:56,471 epoch 50 - iter 56/72 - loss 0.78266345 - samples/sec: 60.20
2020-06-29 13:10:00,820 epoch 50 - iter 63/72 - loss 0.78295210 - samples/sec: 60.60
2020-06-29 13:10:05,473 epoch 50 - iter 70/72 - loss 0.78129629 - samples/sec: 56.19
2020-06-29 13:10:06,999 ----------------------------------------------------------------------------------------------------
2020-06-29 13:10:07,002 EPOCH 50 done: loss 0.7775 - lr 0.0001953
2020-06-29 13:10:08,657 DEV : loss 2.6209511756896973 - score 0.8433
2020-06-29 13:10:08,685 BAD EPOCHS (no improvement): 1
2020-06-29 13:10:08,689 ----------------------------------------------------------------------------------------------------
2020-06-29 13:10:12,611 epoch 51 - iter 7/72 - loss 0.89078267 - samples/sec: 57.14
2020-06-29 13:10:17,005 epoch 51 - iter 14/72 - loss 0.75131679 - samples/sec: 60.37
2020-06-29 13:10:21,214 epoch 51 - iter 21/72 - loss 0.68592654 - samples/sec: 63.18
2020-06-29 13:10:25,773 epoch 51 - iter 28/72 - loss 0.71135298 - samples/sec: 57.37
2020-06-29 13:10:29,961 epoch 51 - iter 35/72 - loss 0.69593673 - samples/sec: 63.40
2020-06-29 13:10:34,296 epoch 51 - iter 42/72 - loss 0.72420748 - samples/sec: 60.98
2020-06-29 13:10:38,554 epoch 51 - iter 49/72 - loss 0.72193090 - samples/sec: 62.20
2020-06-29 13:10:42,924 epoch 51 - iter 56/72 - loss 0.72207015 - samples/sec: 60.55
2020-06-29 13:10:47,482 epoch 51 - iter 63/72 - loss 0.73855692 - samples/sec: 57.81
2020-06-29 13:10:51,995 epoch 51 - iter 70/72 - loss 0.75667987 - samples/sec: 58.32
2020-06-29 13:10:53,663 ----------------------------------------------------------------------------------------------------
2020-06-29 13:10:53,667 EPOCH 51 done: loss 0.7513 - lr 0.0001953
2020-06-29 13:10:55,250 DEV : loss 2.6193604469299316 - score 0.8433
2020-06-29 13:10:55,279 BAD EPOCHS (no improvement): 2
2020-06-29 13:10:55,283 ----------------------------------------------------------------------------------------------------
2020-06-29 13:10:59,185 epoch 52 - iter 7/72 - loss 0.85303070 - samples/sec: 57.46
2020-06-29 13:11:03,328 epoch 52 - iter 14/72 - loss 0.80677683 - samples/sec: 65.44
2020-06-29 13:11:07,733 epoch 52 - iter 21/72 - loss 0.76338240 - samples/sec: 59.89
2020-06-29 13:11:12,083 epoch 52 - iter 28/72 - loss 0.81833982 - samples/sec: 60.81
2020-06-29 13:11:16,699 epoch 52 - iter 35/72 - loss 0.80675382 - samples/sec: 56.91
2020-06-29 13:11:21,046 epoch 52 - iter 42/72 - loss 0.79344949 - samples/sec: 60.81
2020-06-29 13:11:25,276 epoch 52 - iter 49/72 - loss 0.78081229 - samples/sec: 62.87
2020-06-29 13:11:29,654 epoch 52 - iter 56/72 - loss 0.76392733 - samples/sec: 60.41
2020-06-29 13:11:34,252 epoch 52 - iter 63/72 - loss 0.74266398 - samples/sec: 57.35
2020-06-29 13:11:38,965 epoch 52 - iter 70/72 - loss 0.75858098 - samples/sec: 55.32
2020-06-29 13:11:40,634 ----------------------------------------------------------------------------------------------------
2020-06-29 13:11:40,637 EPOCH 52 done: loss 0.7648 - lr 0.0001953
2020-06-29 13:11:42,585 DEV : loss 2.619133710861206 - score 0.8444
2020-06-29 13:11:42,611 BAD EPOCHS (no improvement): 3
2020-06-29 13:11:42,615 ----------------------------------------------------------------------------------------------------
2020-06-29 13:11:46,479 epoch 53 - iter 7/72 - loss 0.80724967 - samples/sec: 58.04
2020-06-29 13:11:50,883 epoch 53 - iter 14/72 - loss 0.78074051 - samples/sec: 59.91
2020-06-29 13:11:55,141 epoch 53 - iter 21/72 - loss 0.74090463 - samples/sec: 62.10
2020-06-29 13:11:59,489 epoch 53 - iter 28/72 - loss 0.73464877 - samples/sec: 60.80
2020-06-29 13:12:03,934 epoch 53 - iter 35/72 - loss 0.77379963 - samples/sec: 59.25
2020-06-29 13:12:08,310 epoch 53 - iter 42/72 - loss 0.75101872 - samples/sec: 60.22
2020-06-29 13:12:12,621 epoch 53 - iter 49/72 - loss 0.74228699 - samples/sec: 61.52
2020-06-29 13:12:16,954 epoch 53 - iter 56/72 - loss 0.73731700 - samples/sec: 61.07
2020-06-29 13:12:21,440 epoch 53 - iter 63/72 - loss 0.74224926 - samples/sec: 58.69
2020-06-29 13:12:25,718 epoch 53 - iter 70/72 - loss 0.76525619 - samples/sec: 61.70
2020-06-29 13:12:27,287 ----------------------------------------------------------------------------------------------------
2020-06-29 13:12:27,290 EPOCH 53 done: loss 0.7648 - lr 0.0001953
2020-06-29 13:12:28,934 DEV : loss 2.618513822555542 - score 0.8433
2020-06-29 13:12:28,960 BAD EPOCHS (no improvement): 4
2020-06-29 13:12:28,964 ----------------------------------------------------------------------------------------------------
2020-06-29 13:12:28,965 ----------------------------------------------------------------------------------------------------
2020-06-29 13:12:28,966 learning rate too small - quitting training!
2020-06-29 13:12:28,968 ----------------------------------------------------------------------------------------------------
2020-06-29 13:12:32,729 ----------------------------------------------------------------------------------------------------
2020-06-29 13:12:32,734 Testing using best model ...
2020-06-29 13:12:32,738 loading file /content/drive/My Drive/Colab Notebooks/Practicas/txt/from_epub/best-model.pt
2020-06-29 13:12:49,586 0.8406	0.8045	0.8222
2020-06-29 13:12:49,588 
Results:
- F1-score (micro) 0.8222
- F1-score (macro) 0.7069

By class:
LOC        tp: 261 - fp: 43 - fn: 54 - precision: 0.8586 - recall: 0.8286 - f1-score: 0.8433
ORG        tp: 224 - fp: 64 - fn: 69 - precision: 0.7778 - recall: 0.7645 - f1-score: 0.7711
OTH        tp: 7 - fp: 6 - fn: 23 - precision: 0.5385 - recall: 0.2333 - f1-score: 0.3256
PER        tp: 257 - fp: 29 - fn: 36 - precision: 0.8986 - recall: 0.8771 - f1-score: 0.8877
2020-06-29 13:12:49,590 ----------------------------------------------------------------------------------------------------
